TN:
SF:core/src/index.ts
FN:48,(anonymous_0)
FN:76,(anonymous_1)
FN:79,(anonymous_2)
FN:115,(anonymous_3)
FN:119,(anonymous_4)
FN:127,(anonymous_5)
FNF:6
FNH:0
FNDA:0,(anonymous_0)
FNDA:0,(anonymous_1)
FNDA:0,(anonymous_2)
FNDA:0,(anonymous_3)
FNDA:0,(anonymous_4)
FNDA:0,(anonymous_5)
DA:48,0
DA:49,0
DA:50,0
DA:53,0
DA:60,0
DA:64,0
DA:77,0
DA:95,0
DA:96,0
DA:97,0
DA:98,0
DA:99,0
DA:100,0
DA:101,0
DA:102,0
DA:103,0
DA:104,0
DA:105,0
DA:106,0
DA:107,0
DA:108,0
DA:109,0
DA:110,0
DA:111,0
DA:112,0
DA:113,0
DA:114,0
DA:115,0
DA:116,0
DA:117,0
DA:119,0
DA:120,0
DA:122,0
DA:123,0
DA:124,0
DA:125,0
DA:126,0
DA:127,0
DA:129,0
DA:131,0
DA:134,0
LF:41
LH:0
BRDA:49,0,0,0
BRDA:49,0,1,0
BRDA:53,1,0,0
BRDA:53,1,1,0
BRDA:53,1,2,0
BRDA:53,1,3,0
BRDA:53,1,4,0
BRDA:53,1,5,0
BRDA:53,1,6,0
BRDA:60,2,0,0
BRDA:60,2,1,0
BRDA:81,3,0,0
BRDA:82,4,0,0
BRDA:83,5,0,0
BRDA:84,6,0,0
BRDA:85,7,0,0
BRDA:86,8,0,0
BRDA:87,9,0,0
BRDA:88,10,0,0
BRDA:89,11,0,0
BRDA:90,12,0,0
BRDA:91,13,0,0
BRDA:92,14,0,0
BRDA:101,15,0,0
BRDA:101,15,1,0
BRDA:102,16,0,0
BRDA:102,16,1,0
BRDA:105,17,0,0
BRDA:105,17,1,0
BRDA:110,18,0,0
BRDA:110,18,1,0
BRDA:122,19,0,0
BRDA:122,19,1,0
BRDA:126,20,0,0
BRDA:126,20,1,0
BRF:35
BRH:0
end_of_record
